<?xml version="1.0" encoding="UTF-8"?>
<testsuite xmlns:xsi="http://www.w3.org/2001/XMLSchema-instance" xsi:noNamespaceSchemaLocation="https://maven.apache.org/surefire/maven-surefire-plugin/xsd/surefire-test-report-3.0.xsd" version="3.0" name="com.alexchernikov.datastructures.stack.ArrayStackTest" time="0.027" tests="6" errors="0" skipped="0" failures="0">
  <properties>
[...]
</properties>
  <testcase name="stack_growsBeyondInitialCapacity" classname="com.alexchernikov.datastructures.stack.ArrayStackTest" time="0.012"/>
  <testcase name="pushAndPop_multipleElements_lifoOrder" classname="com.alexchernikov.datastructures.stack.ArrayStackTest" time="0.001"/>
  <testcase name="pop_onEmptyStack_throwsException" classname="com.alexchernikov.datastructures.stack.ArrayStackTest" time="0.001"/>
  <testcase name="pushAndPop_singleElement" classname="com.alexchernikov.datastructures.stack.ArrayStackTest" time="0.001"/>
  <testcase name="peek_doesNotRemoveElement" classname="com.alexchernikov.datastructures.stack.ArrayStackTest" time="0.001"/>
  <testcase name="peek_onEmptyStack_throwsException" classname="com.alexchernikov.datastructures.stack.ArrayStackTest" time="0.0"/>
</testsuite>